0 info it worked if it ends with ok
1 verbose cli [ 'node', '/usr/local/bin/npm', 'run', 'build-css' ]
2 info using npm@2.12.1
3 info using node@v0.12.7
4 verbose node symlink /usr/local/bin/node
5 verbose run-script [ 'prebuild-css', 'build-css', 'postbuild-css' ]
6 info prebuild-css tp-static@1.0.0
7 info build-css tp-static@1.0.0
8 verbose unsafe-perm in lifecycle true
9 info tp-static@1.0.0 Failed to exec build-css script
10 verbose stack Error: tp-static@1.0.0 build-css: `node-sass -w -r assets/stylesheets -o public/stylesheets`
10 verbose stack Exit status 1
10 verbose stack     at EventEmitter.<anonymous> (/usr/local/lib/node_modules/npm/lib/utils/lifecycle.js:213:16)
10 verbose stack     at EventEmitter.emit (events.js:110:17)
10 verbose stack     at ChildProcess.<anonymous> (/usr/local/lib/node_modules/npm/lib/utils/spawn.js:24:14)
10 verbose stack     at ChildProcess.emit (events.js:110:17)
10 verbose stack     at maybeClose (child_process.js:1015:16)
10 verbose stack     at Process.ChildProcess._handle.onexit (child_process.js:1087:5)
11 verbose pkgid tp-static@1.0.0
12 verbose cwd /Users/tomsharon/Fullstack2/Trip-Planner-Static
13 error Darwin 15.0.0
14 error argv "node" "/usr/local/bin/npm" "run" "build-css"
15 error node v0.12.7
16 error npm  v2.12.1
17 error code ELIFECYCLE
18 error tp-static@1.0.0 build-css: `node-sass -w -r assets/stylesheets -o public/stylesheets`
18 error Exit status 1
19 error Failed at the tp-static@1.0.0 build-css script 'node-sass -w -r assets/stylesheets -o public/stylesheets'.
19 error This is most likely a problem with the tp-static package,
19 error not with npm itself.
19 error Tell the author that this fails on your system:
19 error     node-sass -w -r assets/stylesheets -o public/stylesheets
19 error You can get their info via:
19 error     npm owner ls tp-static
19 error There is likely additional logging output above.
20 verbose exit [ 1, true ]
